 * Serving Flask app 'server'
 * Debug mode: on
WARNING: This is a development server. Do not use it in a production deployment. Use a production WSGI server instead.
 * Running on http://127.0.0.1:5000
Press CTRL+C to quit
 * Restarting with watchdog (windowsapi)
 * Debugger is active!
 * Debugger PIN: 124-647-350
 * Detected change in 'D:\\DebobratoResearch\\fake_currency_detection\\app.py', reloading
 * Restarting with watchdog (windowsapi)
 * Debugger is active!
 * Debugger PIN: 124-647-350
 * Detected change in 'D:\\DebobratoResearch\\fake_currency_detection\\venv\\Lib\\site-packages\\cv2\\config.py', reloading
 * Restarting with watchdog (windowsapi)
 * Debugger is active!
 * Debugger PIN: 124-647-350
 * Detected change in 'D:\\DebobratoResearch\\fake_currency_detection\\venv\\Lib\\site-packages\\streamlit\\env_util.py', reloading
 * Restarting with watchdog (windowsapi)
 * Debugger is active!
 * Debugger PIN: 124-647-350
 * Detected change in 'D:\\DebobratoResearch\\fake_currency_detection\\detector.py', reloading
 * Restarting with watchdog (windowsapi)
 * Debugger is active!
 * Debugger PIN: 124-647-350
